L 1 "rtx_src\HAL_CM3.c"
N/*----------------------------------------------------------------------------
N *      RL-ARM - RTX
N *----------------------------------------------------------------------------
N *      Name:    HAL_CM3.C
N *      Purpose: Hardware Abstraction Layer for Cortex-M3
N *      Rev.:    V4.20
N *----------------------------------------------------------------------------
N *      This code is part of the RealView Run-Time Library.
N *      Copyright (c) 2004-2011 KEIL - An ARM Company. All rights reserved.
N *---------------------------------------------------------------------------*/
N
N#include "rt_TypeDef.h"
L 1 "rtx_src\rt_TypeDef.h" 1
N/*----------------------------------------------------------------------------
N *      RL-ARM - RTX
N *----------------------------------------------------------------------------
N *      Name:    RT_TYPEDEF.H
N *      Purpose: Type Definitions
N *      Rev.:    V4.20
N *----------------------------------------------------------------------------
N *      This code is part of the RealView Run-Time Library.
N *      Copyright (c) 2004-2011 KEIL - An ARM Company. All rights reserved.
N *---------------------------------------------------------------------------*/
N
N
N
N//POSIX macros
N#define O_RDONLY 1
N#define O_WRONLY 2
N#define O_RDWR 4
N#define O_CREAT 8
N#define	O_EXCL 16
N#define O_NONBLOCK 32
N
N#define EEXIST 249
N#define ENOENT 250
N#define ENFILE 251
N#define EBADF  252
N#define EINVAL 253
N#define EAGAIN 254
N#define BLOCK  255
N
N
N
N
N/* Types */
Ntypedef char               S8;
Ntypedef unsigned char      U8;
Ntypedef short              S16;
Ntypedef unsigned short     U16;
Ntypedef int                S32;
Ntypedef unsigned int       U32;
Ntypedef long long          S64;
Ntypedef unsigned long long U64;
Ntypedef unsigned char      BIT;
Ntypedef unsigned int       BOOL;
Ntypedef void               (*FUNCP)(void);
N
Ntypedef U32     OS_TID;
Ntypedef void    *OS_ID;
Ntypedef U32     OS_RESULT;
Ntypedef S16			mqd_t;
Ntypedef unsigned int			size_t;
N
N
N/* Control block for POSIX priority Queue */
N
N
N
Ntypedef struct OS_TCB {
N  /* General part: identical for all implementations.                        */
N  U8     cb_type;                 /* Control Block Type                      */
N  U8     state;                   /* Task state                              */
N  U8     prio;                    /* Execution priority                      */
N  U8     task_id;                 /* Task ID value for optimized TCB access  */
N  struct OS_TCB *p_lnk;           /* Link pointer for ready/sem. wait list   */
N  struct OS_TCB *p_rlnk;          /* Link pointer for sem./mbx lst backwards */
N  struct OS_TCB *p_dlnk;          /* Link pointer for delay list             */
N  struct OS_TCB *p_blnk;          /* Link pointer for delay list backwards   */
N  U16    delta_time;              /* Time until time out                     */
N  U16    interval_time;           /* Time interval for periodic waits        */
N  U16    events;                  /* Event flags                             */
N  U16    waits;                   /* Wait flags                              */
N  void   **msg;                   /* Direct message passing when task waits  */
N  U8     ret_val;                 /* Return value upon completion of a wait  */
N
N  /* Hardware dependant part: specific for CM processor                      */
N  U8     ret_upd;                 /* Updated return value                    */
N  U16    priv_stack;              /* Private stack size, 0= system assigned  */
N  U32    tsk_stack;               /* Current task Stack pointer (R13)        */
N  U32    *stack;                  /* Pointer to Task Stack memory block      */
N
N  /* Task entry point used for uVision debugger                              */
N  FUNCP  ptask;                   /* Task entry address                      */
N} *P_TCB;
N#define TCB_RETVAL      32        /* 'ret_val' offset                        */
N#define TCB_RETUPD      33        /* 'ret_upd' offset                        */
N#define TCB_TSTACK      36        /* 'tsk_stack' offset                      */
N
Ntypedef struct OS_PSFE {          /* Post Service Fifo Entry                 */
N  void  *id;                      /* Object Identification                   */
N  U32    arg;                     /* Object Argument                         */
N} *P_PSFE;
N
Ntypedef struct OS_PSQ {           /* Post Service Queue                      */
N  U8     first;                   /* FIFO Head Index                         */
N  U8     last;                    /* FIFO Tail Index                         */
N  U8     count;                   /* Number of stored items in FIFO          */
N  U8     size;                    /* FIFO Size                               */
N  struct OS_PSFE q[1];            /* FIFO Content                            */
N} *P_PSQ;
N
Ntypedef struct OS_TSK {
N  P_TCB  run;                     /* Current running task                    */
N  P_TCB  new;                     /* Scheduled task to run                   */
N} *P_TSK;
N
Ntypedef struct OS_ROBIN {         /* Round Robin Control                     */
N  P_TCB  task;                    /* Round Robin task                        */
N  U16    time;                    /* Round Robin switch time                 */
N  U16    tout;                    /* Round Robin timeout                     */
N} *P_ROBIN;
N
Ntypedef struct OS_XCB {
N  U8     cb_type;                 /* Control Block Type                      */
N  struct OS_TCB *p_lnk;           /* Link pointer for ready/sem. wait list   */
N  struct OS_TCB *p_rlnk;          /* Link pointer for sem./mbx lst backwards */
N  struct OS_TCB *p_dlnk;          /* Link pointer for delay list             */
N  struct OS_TCB *p_blnk;          /* Link pointer for delay list backwards   */
N  U16    delta_time;              /* Time until time out                     */
N} *P_XCB;
N
Ntypedef struct OS_MCB {
N  U8     cb_type;                 /* Control Block Type                      */
N  U8     isr_st;                  /* State flag variable for isr functions   */
N  struct OS_TCB *p_lnk;           /* Chain of tasks waiting for message      */
N  U16    first;                   /* Index of the message list begin         */
N  U16    last;                    /* Index of the message list end           */
N  U16    count;                   /* Actual number of stored messages        */
N  U16    size;                    /* Maximum number of stored messages       */
N  void   *msg[1];                 /* FIFO for Message pointers 1st element   */
N} *P_MCB;
N
Ntypedef struct OS_SCB {
N  U8     cb_type;                 /* Control Block Type                      */
N  U16    tokens;                  /* Semaphore tokens                        */
N  struct OS_TCB *p_lnk;           /* Chain of tasks waiting for tokens       */
N} *P_SCB;
N
Ntypedef struct OS_MUCB {
N  U8     cb_type;                 /* Control Block Type                      */
N  U8     prio;                    /* Owner task default priority             */
N  U16    level;                   /* Call nesting level                      */
N  struct OS_TCB *p_lnk;           /* Chain of tasks waiting for mutex        */
N  struct OS_TCB *owner;           /* Mutex owner task                        */
N} *P_MUCB;
N
Ntypedef struct OS_XTMR {
N  struct OS_TMR  *next;
N  U16    tcnt;
N} *P_XTMR;
N
Ntypedef struct OS_TMR {
N  struct OS_TMR  *next;           /* Link pointer to Next timer              */
N  U16    tcnt;                    /* Timer delay count                       */
N  U16    info;                    /* User defined call info                  */
N} *P_TMR;
N
Ntypedef struct OS_BM {
N  void *free;                     /* Pointer to first free memory block      */
N  void *end;                      /* Pointer to memory block end             */
N  U32  blk_size;                  /* Memory block size                       */
N} *P_BM;
N
N/* Definitions */
N#define __TRUE          1
N#define __FALSE         0
N#define NULL            ((void *) 0)
N
N/*----------------------------------------------------------------------------
N * end of file
N *---------------------------------------------------------------------------*/
N
L 13 "rtx_src\HAL_CM3.c" 2
N#include "RTX_Config.h"
L 1 "rtx_src\RTX_Config.h" 1
N/*----------------------------------------------------------------------------
N *      RL-ARM - RTX
N *----------------------------------------------------------------------------
N *      Name:    RTX_CONFIG.H
N *      Purpose: Exported functions of RTX_Config.c
N *      Rev.:    V4.20
N *----------------------------------------------------------------------------
N *      This code is part of the RealView Run-Time Library.
N *      Copyright (c) 2004-2011 KEIL - An ARM Company. All rights reserved.
N *---------------------------------------------------------------------------*/
N
N
N/* Error Codes */
N#define OS_ERR_STK_OVF          1
N#define OS_ERR_FIFO_OVF         2
N#define OS_ERR_MBX_OVF          3
N
N/* Definitions */
N#define BOX_ALIGN_8                   0x80000000
N#define _declare_box(pool,size,cnt)   U32 pool[(((size)+3)/4)*(cnt) + 3]
N#define _declare_box8(pool,size,cnt)  U64 pool[(((size)+7)/8)*(cnt) + 2]
N#define _init_box8(pool,size,bsize)   _init_box (pool,size,(bsize) | BOX_ALIGN_8)
N
N/* Variables */
Nextern U32 mp_tcb[];
Nextern U64 mp_stk[];
Nextern U32 os_fifo[];
Nextern void *os_active_TCB[];
N
N/* Constants */
Nextern U16 const os_maxtaskrun;
Nextern U32 const os_trv;
Nextern U8  const os_flags;
Nextern U32 const os_stackinfo;
Nextern U32 const os_rrobin;
Nextern U32 const os_clockrate;
Nextern U32 const os_timernum;
Nextern U16 const mp_tcb_size;
Nextern U32 const mp_stk_size;
Nextern U32 const *m_tmr;
Nextern U16 const mp_tmr_size;
Nextern U8  const os_fifo_size;
N
N/* Functions */
Nextern void os_idle_demon   (void);
Nextern void os_tmr_call     (U16  info);
Nextern void os_error        (U32 err_code);
N
N/*----------------------------------------------------------------------------
N * end of file
N *---------------------------------------------------------------------------*/
L 14 "rtx_src\HAL_CM3.c" 2
N#include "rt_System.h"
L 1 "rtx_src\rt_System.h" 1
N/*----------------------------------------------------------------------------
N *      RL-ARM - RTX
N *----------------------------------------------------------------------------
N *      Name:    RT_SYSTEM.H
N *      Purpose: System Task Manager definitions
N *      Rev.:    V4.20
N *----------------------------------------------------------------------------
N *      This code is part of the RealView Run-Time Library.
N *      Copyright (c) 2004-2011 KEIL - An ARM Company. All rights reserved.
N *---------------------------------------------------------------------------*/
N
N/* Variables */
N#define os_psq  ((P_PSQ)&os_fifo)
N
N/* Functions */
Nextern void rt_tsk_lock   (void);
Nextern void rt_tsk_unlock (void);
Nextern void rt_psh_req    (void);
Nextern void rt_pop_req    (void);
Nextern void rt_systick    (void);
Nextern void rt_stk_check  (void);
N
N/*----------------------------------------------------------------------------
N * end of file
N *---------------------------------------------------------------------------*/
N
L 15 "rtx_src\HAL_CM3.c" 2
N#include "rt_HAL_CM.h"
L 1 "rtx_src\rt_HAL_CM.h" 1
N/*----------------------------------------------------------------------------
N *      RL-ARM - RTX
N *----------------------------------------------------------------------------
N *      Name:    RT_HAL_CM.H
N *      Purpose: Hardware Abstraction Layer for Cortex-M definitions
N *      Rev.:    V4.20
N *----------------------------------------------------------------------------
N *      This code is part of the RealView Run-Time Library.
N *      Copyright (c) 2004-2011 KEIL - An ARM Company. All rights reserved.
N *---------------------------------------------------------------------------*/
N
N/* Definitions */
N#define INITIAL_xPSR    0x01000000
N#define DEMCR_TRCENA    0x01000000
N#define ITM_ITMENA      0x00000001
N#define MAGIC_WORD      0xE25A2EA5
N
N/* NVIC SysTick registers */
N#define NVIC_ST_CTRL    (*((volatile U32 *)0xE000E010))
N#define NVIC_ST_RELOAD  (*((volatile U32 *)0xE000E014))
N#define NVIC_ST_CURRENT (*((volatile U32 *)0xE000E018))
N#define NVIC_INT_CTRL   (*((volatile U32 *)0xE000ED04))
N#define NVIC_SYS_PRI2   (*((volatile U32 *)0xE000ED1C))
N#define NVIC_SYS_PRI3   (*((volatile U32 *)0xE000ED20))
N
N#define OS_PEND_IRQ()   NVIC_INT_CTRL  = (1<<28);
N#define OS_TINIT()      NVIC_ST_RELOAD =  os_trv;                        \
N                        NVIC_ST_CURRENT=  0;                             \
N                        NVIC_ST_CTRL   =  0x0007;                        \
N                        NVIC_SYS_PRI3 |=  0xFFFF0000;                    \
N                        NVIC_SYS_PRI2 |=  (NVIC_SYS_PRI3<<1) & 0xFC000000;
X#define OS_TINIT()      NVIC_ST_RELOAD =  os_trv;                                                NVIC_ST_CURRENT=  0;                                                     NVIC_ST_CTRL   =  0x0007;                                                NVIC_SYS_PRI3 |=  0xFFFF0000;                                            NVIC_SYS_PRI2 |=  (NVIC_SYS_PRI3<<1) & 0xFC000000;
N#define OS_LOCK()       NVIC_ST_CTRL   =  0x0005;
N#define OS_UNLOCK()     NVIC_ST_CTRL   =  0x0007;
N
N/* Core Debug registers */
N#define DEMCR           (*((volatile U32 *)0xE000EDFC))
N
N/* ITM registers */
N#define ITM_CONTROL     (*((volatile U32 *)0xE0000E80))
N#define ITM_ENABLE      (*((volatile U32 *)0xE0000E00))
N#define ITM_PORT30_U32  (*((volatile U32 *)0xE0000078))
N#define ITM_PORT31_U32  (*((volatile U32 *)0xE000007C))
N#define ITM_PORT31_U16  (*((volatile U16 *)0xE000007C))
N#define ITM_PORT31_U8   (*((volatile U8  *)0xE000007C))
N
N/* Variables */
Nextern BIT dbg_msg;
N
N/* Functions */
N#if defined(__TARGET_ARCH_7_M) || defined(__TARGET_ARCH_7E_M)
X#if 1L || 0L
N #define rt_inc(p)     while(__strex((__ldrex(p)+1),p))
N #define rt_dec(p)     while(__strex((__ldrex(p)-1),p))
N#else
S #define rt_inc(p)     __disable_irq();(*p)++;__enable_irq();
S #define rt_dec(p)     __disable_irq();(*p)--;__enable_irq();
N#endif
N__inline U32 rt_inc_qi (U32 size, U8 *count, U8 *first) {
N  U32 cnt,c2;
N#if defined(__TARGET_ARCH_7_M) || defined(__TARGET_ARCH_7E_M)
X#if 1L || 0L
N  do {
N    if ((cnt = __ldrex(count)) == size) {
N      __clrex();
N      return (cnt); }
N  } while (__strex(cnt+1, count));
N  do {
N    c2 = (cnt = __ldrex(first)) + 1;
N    if (c2 == size) c2 = 0;
N  } while (__strex(c2, first));
N#else
S  __disable_irq();
S  if ((cnt = *count) < size) {
S    *count = cnt+1;
S    c2 = (cnt = *first) + 1;
S    if (c2 == size) c2 = 0;
S    *first = c2; 
S  }
S  __enable_irq ();
N#endif
N  return (cnt);
N}
N
N#define rt_tmr_init()   OS_TINIT();
Nextern void rt_init_stack (P_TCB p_TCB, FUNCP task_body);
Nextern void rt_set_PSP (U32 stack);
Nextern void os_set_env (void);
Nextern void *_alloc_box (void *box_mem);
Nextern int  _free_box (void *box_mem, void *box);
N
Nextern void dbg_init (void);
Nextern void dbg_task_notify (P_TCB p_tcb, BOOL create);
Nextern void dbg_task_switch (U32 task_id);
N
N#ifdef DBG_MSG
S#define DBG_INIT() dbg_init()
S#define DBG_TASK_NOTIFY(p_tcb,create) if (dbg_msg) dbg_task_notify(p_tcb,create)
S#define DBG_TASK_SWITCH(task_id)      if (dbg_msg && (os_tsk.new!=os_tsk.run)) \
S                                                   dbg_task_switch(task_id)
X#define DBG_TASK_SWITCH(task_id)      if (dbg_msg && (os_tsk.new!=os_tsk.run))                                                    dbg_task_switch(task_id)
N#else
N#define DBG_INIT()
N#define DBG_TASK_NOTIFY(p_tcb,create)
N#define DBG_TASK_SWITCH(task_id)
N#endif
N
N/*----------------------------------------------------------------------------
N * end of file
N *---------------------------------------------------------------------------*/
N
L 16 "rtx_src\HAL_CM3.c" 2
N#include "rt_Task.h"
L 1 "rtx_src\rt_Task.h" 1
N/*----------------------------------------------------------------------------
N *      RL-ARM - RTX
N *----------------------------------------------------------------------------
N *      Name:    RT_TASK.H
N *      Purpose: Task functions and system start up.
N *      Rev.:    V4.20
N *----------------------------------------------------------------------------
N *      This code is part of the RealView Run-Time Library.
N *      Copyright (c) 2004-2011 KEIL - An ARM Company. All rights reserved.
N *---------------------------------------------------------------------------*/
N
N/* Definitions */
N
N/* Values for 'state'   */
N#define INACTIVE        0
N#define READY           1
N#define RUNNING         2
N#define WAIT_DLY        3
N#define WAIT_ITV        4
N#define WAIT_OR         5
N#define WAIT_AND        6
N#define WAIT_SEM        7
N#define WAIT_MBX        8
N#define WAIT_MUT        9
N
N/* Return codes */
N#define OS_R_TMO        0x01
N#define OS_R_EVT        0x02
N#define OS_R_SEM        0x03
N#define OS_R_MBX        0x04
N#define OS_R_MUT        0x05
N
N#define OS_R_OK         0x00
N#define OS_R_NOK        0xff
N
N/* Variables */
Nextern struct OS_TSK os_tsk;
Nextern struct OS_TCB os_idle_TCB;
N
N/* Functions */
Nextern void      rt_switch_req (P_TCB p_new);
Nextern void      rt_dispatch   (P_TCB next_TCB);
Nextern void      rt_block      (U16 timeout, U8 block_state);
Nextern void      rt_tsk_pass   (void);
Nextern OS_TID    rt_tsk_self   (void);
Nextern OS_RESULT rt_tsk_prio   (OS_TID task_id, U8 new_prio);
Nextern OS_TID    rt_tsk_create (FUNCP task, U32 prio_stksz, void *stk, void *argv);
Nextern OS_RESULT rt_tsk_delete (OS_TID task_id);
Nextern void      rt_sys_init   (FUNCP first_task, U32 prio_stksz, void *stk);
N
N
N/*----------------------------------------------------------------------------
N * end of file
N *---------------------------------------------------------------------------*/
N
N
N
N
N
N
L 17 "rtx_src\HAL_CM3.c" 2
N#include "rt_List.h"
L 1 "rtx_src\rt_List.h" 1
N/*----------------------------------------------------------------------------
N *      RL-ARM - RTX
N *----------------------------------------------------------------------------
N *      Name:    RT_LIST.H
N *      Purpose: Functions for the management of different lists
N *      Rev.:    V4.20
N *----------------------------------------------------------------------------
N *      This code is part of the RealView Run-Time Library.
N *      Copyright (c) 2004-2011 KEIL - An ARM Company. All rights reserved.
N *---------------------------------------------------------------------------*/
N
N/* Definitions */
N
N/* Values for 'cb_type' */
N#define TCB             0
N#define MCB             1
N#define SCB             2
N#define MUCB            3
N#define HCB             4
N
N/* Variables */
Nextern struct OS_XCB os_rdy;
Nextern struct OS_XCB os_dly;
N
N/* Functions */
Nextern void  rt_put_prio      (P_XCB p_CB, P_TCB p_task);
Nextern P_TCB rt_get_first     (P_XCB p_CB);
Nextern void  rt_put_rdy_first (P_TCB p_task);
Nextern P_TCB rt_get_same_rdy_prio (void);
Nextern void  rt_resort_prio   (P_TCB p_task);
Nextern void  rt_put_dly       (P_TCB p_task, U16 delay);
Nextern void  rt_dec_dly       (void);
Nextern void  rt_rmv_list      (P_TCB p_task);
Nextern void  rt_rmv_dly       (P_TCB p_task);
Nextern void  rt_psq_enq       (OS_ID entry, U32 arg);
N
N/* This is a fast macro generating in-line code */
N#define rt_rdy_prio(void) (os_rdy.p_lnk->prio)
N
N
N/*----------------------------------------------------------------------------
N * end of file
N *---------------------------------------------------------------------------*/
N
L 18 "rtx_src\HAL_CM3.c" 2
N#include "rt_MemBox.h"
L 1 "rtx_src\rt_MemBox.h" 1
N/*----------------------------------------------------------------------------
N *      RL-ARM - RTX
N *----------------------------------------------------------------------------
N *      Name:    RT_MEMBOX.H
N *      Purpose: Interface functions for fixed memory block management system
N *      Rev.:    V4.20
N *----------------------------------------------------------------------------
N *      This code is part of the RealView Run-Time Library.
N *      Copyright (c) 2004-2011 KEIL - An ARM Company. All rights reserved.
N *---------------------------------------------------------------------------*/
N
N/* Functions */
N#define rt_init_box     _init_box
N#define rt_calloc_box   _calloc_box
Nextern int     _init_box   (void *box_mem, U32 box_size, U32 blk_size);
Nextern void *rt_alloc_box  (void *box_mem);
Nextern void *  _calloc_box (void *box_mem);
Nextern int   rt_free_box   (void *box_mem, void *box);
N
N/*----------------------------------------------------------------------------
N * end of file
N *---------------------------------------------------------------------------*/
N
L 19 "rtx_src\HAL_CM3.c" 2
N
N
N/*----------------------------------------------------------------------------
N *      Global Variables
N *---------------------------------------------------------------------------*/
N
NBIT dbg_msg;
N
N/*----------------------------------------------------------------------------
N *      Functions
N *---------------------------------------------------------------------------*/
N
N
N/*--------------------------- rt_set_PSP ------------------------------------*/
N
N__asm void rt_set_PSP (U32 stack) {
N        MSR     PSP,R0
N        BX      LR
N}
N
N
N/*--------------------------- os_set_env ------------------------------------*/
N
N__asm void os_set_env (void) {
N   /* Switch to Unpriviliged/Priviliged Thread mode, use PSP. */
N        MOV     R0,SP                   ; PSP = MSP
N        MSR     PSP,R0
N        LDR     R0,=__cpp(&os_flags)
N        LDRB    R0,[R0]
N        LSLS    R0,#31
N        MOVNE   R0,#0x02                ; Priviliged Thread mode, use PSP
N        MOVEQ   R0,#0x03                ; Unpriviliged Thread mode, use PSP
N        MSR     CONTROL,R0
N        BX      LR
N
N        ALIGN
N}
N
N
N/*--------------------------- _alloc_box ------------------------------------*/
N
N__asm void *_alloc_box (void *box_mem) {
N   /* Function wrapper for Unpriviliged/Priviliged mode. */
N        LDR     R12,=__cpp(rt_alloc_box)
N        MRS     R3,IPSR
N        LSLS    R3,#24
N        BXNE    R12
N        MRS     R3,CONTROL
N        LSLS    R3,#31
N        BXEQ    R12
N        SVC     0
N        BX      LR
N
N        ALIGN
N}
N
N
N/*--------------------------- _free_box -------------------------------------*/
N
N__asm int _free_box (void *box_mem, void *box) {
N   /* Function wrapper for Unpriviliged/Priviliged mode. */
N        LDR     R12,=__cpp(rt_free_box)
N        MRS     R3,IPSR
N        LSLS    R3,#24
N        BXNE    R12
N        MRS     R3,CONTROL
N        LSLS    R3,#31
N        BXEQ    R12
N        SVC     0
N        BX      LR
N
N        ALIGN
N}
N
N
N/*-------------------------- SVC_Handler -----------------------------------*/
N
N__asm void SVC_Handler (void) {
N        PRESERVE8
N
N        IMPORT  SVC_Count
N        IMPORT  SVC_Table
N        IMPORT  rt_stk_check
N
N        MRS     R0,PSP                  ; Read PSP
N        LDR     R1,[R0,#24]             ; Read Saved PC from Stack
N        LDRH    R1,[R1,#-2]             ; Load Halfword
N        BICS    R1,R1,#0xFF00           ; Extract SVC Number
N        BNE     SVC_User
N
N        LDM     R0,{R0-R3,R12}          ; Read R0-R3,R12 from stack
N        BLX     R12                     ; Call SVC Function 
N
N        MRS     R12,PSP                 ; Read PSP
N        LDR     R3,=__cpp(&os_tsk)
N        LDM     R3,{R1,R2}              ; os_tsk.run, os_tsk.new
N        CMP     R1,R2
N        BEQ     SVC_Exit                ; no task switch
N
N        PUSH    {R2,R3}
N        MOV     R3,#1
N        CMP     R1,#0                   ; Runtask deleted?
N        STRBNE  R3,[R1,#TCB_RETUPD]     ; os_tsk.run->ret_upd = 1
X        STRBNE  R3,[R1,#33]     ; os_tsk.run->ret_upd = 1
N        STMDBNE R12!,{R4-R11}           ; Save Old context
N        STRNE   R12,[R1,#TCB_TSTACK]    ; Update os_tsk.run->tsk_stack
X        STRNE   R12,[R1,#36]    ; Update os_tsk.run->tsk_stack
N        BLNE    rt_stk_check            ; Check for Stack overflow
N
N        POP     {R2,R3}
N        STR     R2,[R3]                 ; os_tsk.run = os_tsk.new
N
N        LDR     R12,[R2,#TCB_TSTACK]    ; os_tsk.new->tsk_stack
X        LDR     R12,[R2,#36]    ; os_tsk.new->tsk_stack
N        LDMIA   R12!,{R4-R11}           ; Restore New Context
N        LDRH    R3,[R2,#TCB_RETUPD]     ; Update ret_val?
X        LDRH    R3,[R2,#33]     ; Update ret_val?
N        MSR     PSP,R12                 ; Write PSP
N
N        CBZ     R3,SVC_Return
N        LDRB    R0,[R2,#TCB_RETVAL]     ; Write os_tsk.new->ret_val
X        LDRB    R0,[R2,#32]     ; Write os_tsk.new->ret_val
N
NSVC_Exit
N        STR     R0,[R12]                ; Function return value
N
NSVC_Return
N        MVN     LR,#:NOT:0xFFFFFFFD     ; set EXC_RETURN value
N        BX      LR
N
N        /*------------------- User SVC ------------------------------*/
N
NSVC_User
N        PUSH    {R4,LR}                 ; Save Registers
N        LDR     R2,=SVC_Count
N        LDR     R2,[R2]
N        CMP     R1,R2
N        BHI     SVC_Done                ; Overflow
N
N        LDR     R4,=SVC_Table-4
N        LDR     R4,[R4,R1,LSL #2]       ; Load SVC Function Address
N
N        LDM     R0,{R0-R3,R12}          ; Read R0-R3,R12 from stack
N        BLX     R4                      ; Call SVC Function
N
N        MRS     R12,PSP
N        STM     R12,{R0-R3}             ; Function return values
NSVC_Done
N        POP     {R4,PC}                 ; RETI
N
N        ALIGN
N}
N
N
N/*-------------------------- Sys_Handler ------------------------------------*/
N
N__asm void Sys_Handler (void) {
N        PRESERVE8
N
N        EXPORT  SysTick_Handler
N        EXPORT  PendSV_Handler
N
NPendSV_Handler
N        BL      __cpp(rt_pop_req)
N
NSys_Switch
N        LDR     R3,=__cpp(&os_tsk)
N        LDM     R3,{R1,R2}              ; os_tsk.run, os_tsk.new
N        CMP     R1,R2
N        BEQ     SysExit
N
N        PUSH    {R2,R3}
N        MOV     R3,#0
N        STRB    R3,[R1,#TCB_RETUPD]     ; os_tsk.run->ret_upd = 0
X        STRB    R3,[R1,#33]     ; os_tsk.run->ret_upd = 0
N        MRS     R12,PSP                 ; Read PSP
N        STMDB   R12!,{R4-R11}           ; Save Old context
N        STR     R12,[R1,#TCB_TSTACK]    ; Update os_tsk.run->tsk_stack
X        STR     R12,[R1,#36]    ; Update os_tsk.run->tsk_stack
N        BL      rt_stk_check            ; Check for Stack overflow
N
N        POP     {R2,R3}
N        STR     R2,[R3]                 ; os_tsk.run = os_tsk.new
N
N        LDR     R12,[R2,#TCB_TSTACK]    ; os_tsk.new->tsk_stack
X        LDR     R12,[R2,#36]    ; os_tsk.new->tsk_stack
N        LDMIA   R12!,{R4-R11}           ; Restore New Context
N        MSR     PSP,R12                 ; Write PSP
N
N        LDRB    R3,[R2,#TCB_RETUPD]     ; Update ret_val?
X        LDRB    R3,[R2,#33]     ; Update ret_val?
N        CBZ     R3,SysExit
N        LDRB    R3,[R2,#TCB_RETVAL]     ; Write os_tsk.new->ret_val
X        LDRB    R3,[R2,#32]     ; Write os_tsk.new->ret_val
N        STR     R3,[R12]
NSysExit
N        MVN     LR,#:NOT:0xFFFFFFFD     ; set EXC_RETURN value
N        BX      LR                      ; Return to Thread Mode
N
NSysTick_Handler
N        BL      __cpp(rt_systick)
N        B       Sys_Switch
N
N        ALIGN
N}
N
N
N/*--------------------------- rt_init_stack ---------------------------------*/
N
Nvoid rt_init_stack (P_TCB p_TCB, FUNCP task_body) {
N  /* Prepare TCB and saved context for a first time start of a task. */
N  U32 *stk,i,size;
N
N  /* Prepare a complete interrupt frame for first task start */
N  size = p_TCB->priv_stack >> 2;
N  if (size == 0) {
N    size = (U16)os_stackinfo >> 2;
N  }
N
N  /* Write to the top of stack. */
N  stk = &p_TCB->stack[size];
N
N  /* Auto correct to 8-byte ARM stack alignment. */
N  if ((U32)stk & 0x04) {
N    stk--;
N  }
N
N  stk -= 16;
N
N  /* Default xPSR and initial PC */
N  stk[15] = INITIAL_xPSR;
X  stk[15] = 0x01000000;
N  stk[14] = (U32)task_body;
N
N  /* Clear R1-R12,LR registers. */
N  for (i = 0; i < 14; i++) {
N    stk[i] = 0;
N  }
N
N  /* Assign a void pointer to R0. */
N  stk[8] = (U32)p_TCB->msg;
N
N  /* Initial Task stack pointer. */
N  p_TCB->tsk_stack = (U32)stk;
N
N  /* Task entry point. */
N  p_TCB->ptask = task_body;
N
N  /* Set a magic word for checking of stack overflow. */
N  p_TCB->stack[0] = MAGIC_WORD;
X  p_TCB->stack[0] = 0xE25A2EA5;
N}
N
N
N/*--------------------------- dbg_init --------------------------------------*/
N
Nvoid dbg_init (void) {
N  if ((DEMCR & DEMCR_TRCENA)     && 
X  if (((*((volatile U32 *)0xE000EDFC)) & 0x01000000)     && 
N      (ITM_CONTROL & ITM_ITMENA) &&
X      ((*((volatile U32 *)0xE0000E80)) & 0x00000001) &&
N      (ITM_ENABLE & (1UL << 31))) {
X      ((*((volatile U32 *)0xE0000E00)) & (1UL << 31))) {
N    dbg_msg = __TRUE;
X    dbg_msg = 1;
N  }
N}
N
N
N/*--------------------------- dbg_task_notify -------------------------------*/
N
Nvoid dbg_task_notify (P_TCB p_tcb, BOOL create) {
N  while (ITM_PORT31_U32 == 0);
X  while ((*((volatile U32 *)0xE000007C)) == 0);
N  ITM_PORT31_U32 = (U32)p_tcb->ptask;
X  (*((volatile U32 *)0xE000007C)) = (U32)p_tcb->ptask;
N  while (ITM_PORT31_U32 == 0);
X  while ((*((volatile U32 *)0xE000007C)) == 0);
N  ITM_PORT31_U16 = (create << 8) | p_tcb->task_id;
X  (*((volatile U16 *)0xE000007C)) = (create << 8) | p_tcb->task_id;
N}
N
N
N/*--------------------------- dbg_task_switch -------------------------------*/
N
Nvoid dbg_task_switch (U32 task_id) {
N  while (ITM_PORT31_U32 == 0);
X  while ((*((volatile U32 *)0xE000007C)) == 0);
N  ITM_PORT31_U8 = task_id;
X  (*((volatile U8 *)0xE000007C)) = task_id;
N}
N
N
N/*----------------------------------------------------------------------------
N * end of file
N *---------------------------------------------------------------------------*/
N
